{"/home/svetlana/Projects/qa-engineer-js-from-scratch-project-87/src/index.js": {"path":"/home/svetlana/Projects/qa-engineer-js-from-scratch-project-87/src/index.js","statementMap":{"0":{"start":{"line":5,"column":26},"end":{"line":5,"column":null}},"1":{"start":{"line":5,"column":38},"end":{"line":5,"column":null}},"2":{"start":{"line":7,"column":18},"end":{"line":17,"column":null}},"3":{"start":{"line":8,"column":23},"end":{"line":8,"column":null}},"4":{"start":{"line":9,"column":22},"end":{"line":9,"column":null}},"5":{"start":{"line":10,"column":20},"end":{"line":10,"column":null}},"6":{"start":{"line":12,"column":2},"end":{"line":14,"column":null}},"7":{"start":{"line":13,"column":4},"end":{"line":13,"column":null}},"8":{"start":{"line":16,"column":2},"end":{"line":16,"column":null}},"9":{"start":{"line":19,"column":16},"end":{"line":46,"column":null}},"10":{"start":{"line":20,"column":16},"end":{"line":20,"column":null}},"11":{"start":{"line":21,"column":16},"end":{"line":21,"column":null}},"12":{"start":{"line":23,"column":16},"end":{"line":23,"column":null}},"13":{"start":{"line":24,"column":16},"end":{"line":24,"column":null}},"14":{"start":{"line":25,"column":18},"end":{"line":25,"column":null}},"15":{"start":{"line":27,"column":21},"end":{"line":27,"column":null}},"16":{"start":{"line":29,"column":16},"end":{"line":43,"column":null}},"17":{"start":{"line":30,"column":4},"end":{"line":32,"column":null}},"18":{"start":{"line":31,"column":6},"end":{"line":31,"column":null}},"19":{"start":{"line":34,"column":4},"end":{"line":36,"column":null}},"20":{"start":{"line":35,"column":6},"end":{"line":35,"column":null}},"21":{"start":{"line":38,"column":4},"end":{"line":40,"column":null}},"22":{"start":{"line":39,"column":6},"end":{"line":39,"column":null}},"23":{"start":{"line":42,"column":4},"end":{"line":42,"column":null}},"24":{"start":{"line":45,"column":2},"end":{"line":45,"column":null}}},"fnMap":{"0":{"name":"(anonymous_0)","decl":{"start":{"line":5,"column":26},"end":{"line":5,"column":34}},"loc":{"start":{"line":5,"column":38},"end":{"line":5,"column":null}},"line":5},"1":{"name":"(anonymous_1)","decl":{"start":{"line":7,"column":18},"end":{"line":7,"column":26}},"loc":{"start":{"line":7,"column":30},"end":{"line":17,"column":null}},"line":7},"2":{"name":"(anonymous_2)","decl":{"start":{"line":19,"column":16},"end":{"line":19,"column":17}},"loc":{"start":{"line":19,"column":42},"end":{"line":46,"column":null}},"line":19},"3":{"name":"(anonymous_3)","decl":{"start":{"line":29,"column":31},"end":{"line":29,"column":34}},"loc":{"start":{"line":29,"column":38},"end":{"line":43,"column":3}},"line":29}},"branchMap":{"0":{"loc":{"start":{"line":12,"column":2},"end":{"line":14,"column":null}},"type":"if","locations":[{"start":{"line":12,"column":2},"end":{"line":14,"column":null}},{"start":{},"end":{}}],"line":12},"1":{"loc":{"start":{"line":30,"column":4},"end":{"line":32,"column":null}},"type":"if","locations":[{"start":{"line":30,"column":4},"end":{"line":32,"column":null}},{"start":{},"end":{}}],"line":30},"2":{"loc":{"start":{"line":30,"column":8},"end":{"line":30,"column":47}},"type":"binary-expr","locations":[{"start":{"line":30,"column":8},"end":{"line":30,"column":25}},{"start":{"line":30,"column":29},"end":{"line":30,"column":47}}],"line":30},"3":{"loc":{"start":{"line":34,"column":4},"end":{"line":36,"column":null}},"type":"if","locations":[{"start":{"line":34,"column":4},"end":{"line":36,"column":null}},{"start":{},"end":{}}],"line":34},"4":{"loc":{"start":{"line":34,"column":8},"end":{"line":34,"column":47}},"type":"binary-expr","locations":[{"start":{"line":34,"column":8},"end":{"line":34,"column":26}},{"start":{"line":34,"column":30},"end":{"line":34,"column":47}}],"line":34},"5":{"loc":{"start":{"line":38,"column":4},"end":{"line":40,"column":null}},"type":"if","locations":[{"start":{"line":38,"column":4},"end":{"line":40,"column":null}},{"start":{},"end":{}}],"line":38}},"s":{"0":1,"1":2,"2":1,"3":2,"4":2,"5":2,"6":2,"7":2,"8":0,"9":1,"10":1,"11":1,"12":1,"13":1,"14":1,"15":1,"16":1,"17":6,"18":2,"19":4,"20":2,"21":2,"22":1,"23":1,"24":1},"f":{"0":2,"1":2,"2":1,"3":6},"b":{"0":[2,0],"1":[2,4],"2":[6,4],"3":[2,2],"4":[4,2],"5":[1,1]},"meta":{"lastBranch":6,"lastFunction":4,"lastStatement":25,"seen":{"s:5:26:5:Infinity":0,"f:5:26:5:34":0,"s:5:38:5:Infinity":1,"s:7:18:17:Infinity":2,"f:7:18:7:26":1,"s:8:23:8:Infinity":3,"s:9:22:9:Infinity":4,"s:10:20:10:Infinity":5,"b:12:2:14:Infinity:undefined:undefined:undefined:undefined":0,"s:12:2:14:Infinity":6,"s:13:4:13:Infinity":7,"s:16:2:16:Infinity":8,"s:19:16:46:Infinity":9,"f:19:16:19:17":2,"s:20:16:20:Infinity":10,"s:21:16:21:Infinity":11,"s:23:16:23:Infinity":12,"s:24:16:24:Infinity":13,"s:25:18:25:Infinity":14,"s:27:21:27:Infinity":15,"s:29:16:43:Infinity":16,"f:29:31:29:34":3,"b:30:4:32:Infinity:undefined:undefined:undefined:undefined":1,"s:30:4:32:Infinity":17,"b:30:8:30:25:30:29:30:47":2,"s:31:6:31:Infinity":18,"b:34:4:36:Infinity:undefined:undefined:undefined:undefined":3,"s:34:4:36:Infinity":19,"b:34:8:34:26:34:30:34:47":4,"s:35:6:35:Infinity":20,"b:38:4:40:Infinity:undefined:undefined:undefined:undefined":5,"s:38:4:40:Infinity":21,"s:39:6:39:Infinity":22,"s:42:4:42:Infinity":23,"s:45:2:45:Infinity":24},"fnNames":{}}}
}
